Initialize engine version: 5.5.0f3 (38b4efef76f0)
GfxDevice: creating device client; threaded=1
Direct3D:
    Version:  Direct3D 11.0 [level 10.0]
    Renderer: Intel(R) HD Graphics (ID=0x46)
    Vendor:   Intel
    VRAM:     557 MB
    Driver:   8.15.10.2509
Begin MonoManager ReloadAssembly
Platform assembly: C:\Users\Sergio\Desktop\RealidadAumentada\Ejecutable\CajaMagica_Data\Managed\UnityEngine.dll (this message is harmless)
Loading C:\Users\Sergio\Desktop\RealidadAumentada\Ejecutable\CajaMagica_Data\Managed\UnityEngine.dll into Unity Child Domain
Platform assembly: C:\Users\Sergio\Desktop\RealidadAumentada\Ejecutable\CajaMagica_Data\Managed\Assembly-CSharp.dll (this message is harmless)
Loading C:\Users\Sergio\Desktop\RealidadAumentada\Ejecutable\CajaMagica_Data\Managed\Assembly-CSharp.dll into Unity Child Domain
Platform assembly: C:\Users\Sergio\Desktop\RealidadAumentada\Ejecutable\CajaMagica_Data\Managed\UnityEngine.UI.dll (this message is harmless)
Loading C:\Users\Sergio\Desktop\RealidadAumentada\Ejecutable\CajaMagica_Data\Managed\UnityEngine.UI.dll into Unity Child Domain
Platform assembly: C:\Users\Sergio\Desktop\RealidadAumentada\Ejecutable\CajaMagica_Data\Managed\UnityEngine.Networking.dll (this message is harmless)
Loading C:\Users\Sergio\Desktop\RealidadAumentada\Ejecutable\CajaMagica_Data\Managed\UnityEngine.Networking.dll into Unity Child Domain
Platform assembly: C:\Users\Sergio\Desktop\RealidadAumentada\Ejecutable\CajaMagica_Data\Managed\UnityEngine.PlaymodeTestsRunner.dll (this message is harmless)
Loading C:\Users\Sergio\Desktop\RealidadAumentada\Ejecutable\CajaMagica_Data\Managed\UnityEngine.PlaymodeTestsRunner.dll into Unity Child Domain
- Completed reload, in  0.435 seconds
Platform assembly: C:\Users\Sergio\Desktop\RealidadAumentada\Ejecutable\CajaMagica_Data\Managed\System.Core.dll (this message is harmless)
Platform assembly: C:\Users\Sergio\Desktop\RealidadAumentada\Ejecutable\CajaMagica_Data\Managed\System.dll (this message is harmless)
desktop: 1366x768 60Hz; virtual: 1366x768 at 0,0
<RI> Initializing input.
<RI> Input initialized.
<RI> Initialized touch support.
UnloadTime: 2.284508 ms
ARController: ARToolKit version 5.3.2 initialised.
 
(Filename: C:/buildslave/unity/build/artifacts/generated/common/runtime/DebugBindings.gen.cpp Line: 51)

NullReferenceException: Object reference not set to an instance of an object
  at SetRenderQueue.Awake () [0x00000] in <filename unknown>:0 
 
(Filename:  Line: -1)

NullReferenceException: Object reference not set to an instance of an object
  at SetRenderQueue.Awake () [0x00000] in <filename unknown>:0 
 
(Filename:  Line: -1)

ARController (native): [info]Loading single AR marker from buffer, width 80.000000.
 
(Filename: C:/buildslave/unity/build/artifacts/generated/common/runtime/DebugBindings.gen.cpp Line: 51)

ARController (native): [info]Added marker (UID=0), total markers loaded: 1.
 
(Filename: C:/buildslave/unity/build/artifacts/generated/common/runtime/DebugBindings.gen.cpp Line: 51)

ARController (native): [info]Loading single AR marker from buffer, width 80.000000.
 
(Filename: C:/buildslave/unity/build/artifacts/generated/common/runtime/DebugBindings.gen.cpp Line: 51)

ARController (native): [info]Added marker (UID=1), total markers loaded: 2.
 
(Filename: C:/buildslave/unity/build/artifacts/generated/common/runtime/DebugBindings.gen.cpp Line: 51)

ARController: Starting AR.
 
(Filename: C:/buildslave/unity/build/artifacts/generated/common/runtime/DebugBindings.gen.cpp Line: 51)

ARController: Render device: Direct3D 11.0 [level 10.0], using Unity texturing.
 
(Filename: C:/buildslave/unity/build/artifacts/generated/common/runtime/DebugBindings.gen.cpp Line: 51)

ARController: Starting ARToolKit video with vconf '-showDialog -flipV'.
 
(Filename: C:/buildslave/unity/build/artifacts/generated/common/runtime/DebugBindings.gen.cpp Line: 51)

ARController (native): [info]ARController::startRunning(): called, start running
 
(Filename: C:/buildslave/unity/build/artifacts/generated/common/runtime/DebugBindings.gen.cpp Line: 51)

ARController (native): [info]Setting video configuration '-showDialog -flipV'.
 
(Filename: C:/buildslave/unity/build/artifacts/generated/common/runtime/DebugBindings.gen.cpp Line: 51)

ARController (native): [info]Settting camera parameters buffer: 176 bytes.
 
(Filename: C:/buildslave/unity/build/artifacts/generated/common/runtime/DebugBindings.gen.cpp Line: 51)

ARController (native): [info]Opening ARToolKit video using configuration '-showDialog -flipV'.
 
(Filename: C:/buildslave/unity/build/artifacts/generated/common/runtime/DebugBindings.gen.cpp Line: 51)

ARController (native): [info]Opened ARToolKit video 640x480@3Bpp (AR_PIXEL_FORMAT_BGR).
 
(Filename: C:/buildslave/unity/build/artifacts/generated/common/runtime/DebugBindings.gen.cpp Line: 51)

ARController (native): [info]Camera parameters loaded from buffer.
 
(Filename: C:/buildslave/unity/build/artifacts/generated/common/runtime/DebugBindings.gen.cpp Line: 51)

ARController: Setting ARToolKit tracking settings.
 
(Filename: C:/buildslave/unity/build/artifacts/generated/common/runtime/DebugBindings.gen.cpp Line: 51)

AROrigin: Found 2 markers eligible to become base marker.
 
(Filename: C:/buildslave/unity/build/artifacts/generated/common/runtime/DebugBindings.gen.cpp Line: 51)

ARController: UpdateAR: Waiting for ARToolKit video.
 
(Filename: C:/buildslave/unity/build/artifacts/generated/common/runtime/DebugBindings.gen.cpp Line: 51)

Setting up 1 worker threads for Enlighten.
  Thread -> id: 1ff4 -> priority: 1 
ARController: UpdateAR: ARToolKit video is running. Configuring Unity scene for video.
 
(Filename: C:/buildslave/unity/build/artifacts/generated/common/runtime/DebugBindings.gen.cpp Line: 51)

ARController: Video 640x480@3Bpp (AR_PIXEL_FORMAT_BGR)
 
(Filename: C:/buildslave/unity/build/artifacts/generated/common/runtime/DebugBindings.gen.cpp Line: 51)

ARController: Projection matrix: [
2.12299	0.00000	0.00376	0.00000
0.00000	2.66294	-0.00668	0.00000
0.00000	0.00000	-1.00401	-0.02004
0.00000	0.00000	-1.00000	0.00000]
 
(Filename: C:/buildslave/unity/build/artifacts/generated/common/runtime/DebugBindings.gen.cpp Line: 51)

ARController: Video size 640x480 will use texture size 640x480.
 
(Filename: C:/buildslave/unity/build/artifacts/generated/common/runtime/DebugBindings.gen.cpp Line: 51)

ARController: Scene configured for video.
 
(Filename: C:/buildslave/unity/build/artifacts/generated/common/runtime/DebugBindings.gen.cpp Line: 51)

ARController (native): [info]ARController::initAR() called
 
(Filename: C:/buildslave/unity/build/artifacts/generated/common/runtime/DebugBindings.gen.cpp Line: 51)

ARController (native): [info]Marker 0 now visible
 
(Filename: C:/buildslave/unity/build/artifacts/generated/common/runtime/DebugBindings.gen.cpp Line: 51)

ARController (native): [info]Marker 0 no longer visible
 
(Filename: C:/buildslave/unity/build/artifacts/generated/common/runtime/DebugBindings.gen.cpp Line: 51)

ARController (native): [info]Marker 0 now visible
 
(Filename: C:/buildslave/unity/build/artifacts/generated/common/runtime/DebugBindings.gen.cpp Line: 51)

ARController (native): [info]Marker 0 no longer visible
 
(Filename: C:/buildslave/unity/build/artifacts/generated/common/runtime/DebugBindings.gen.cpp Line: 51)

ARController (native): [info]Marker 0 now visible
 
(Filename: C:/buildslave/unity/build/artifacts/generated/common/runtime/DebugBindings.gen.cpp Line: 51)

ARController (native): [info]Marker 0 no longer visible
 
(Filename: C:/buildslave/unity/build/artifacts/generated/common/runtime/DebugBindings.gen.cpp Line: 51)

ARController (native): [info]Marker 0 now visible
 
(Filename: C:/buildslave/unity/build/artifacts/generated/common/runtime/DebugBindings.gen.cpp Line: 51)

ARController (native): [info]Marker 0 no longer visible
 
(Filename: C:/buildslave/unity/build/artifacts/generated/common/runtime/DebugBindings.gen.cpp Line: 51)

ARController (native): [info]Marker 0 now visible
 
(Filename: C:/buildslave/unity/build/artifacts/generated/common/runtime/DebugBindings.gen.cpp Line: 51)

ARController (native): [info]Marker 0 no longer visible
 
(Filename: C:/buildslave/unity/build/artifacts/generated/common/runtime/DebugBindings.gen.cpp Line: 51)

ARController (native): [info]Marker 0 now visible
 
(Filename: C:/buildslave/unity/build/artifacts/generated/common/runtime/DebugBindings.gen.cpp Line: 51)

ARController (native): [info]Marker 0 no longer visible
 
(Filename: C:/buildslave/unity/build/artifacts/generated/common/runtime/DebugBindings.gen.cpp Line: 51)

ARController (native): [info]Marker 0 now visible
 
(Filename: C:/buildslave/unity/build/artifacts/generated/common/runtime/DebugBindings.gen.cpp Line: 51)

ARController (native): [info]Marker 0 no longer visible
 
(Filename: C:/buildslave/unity/build/artifacts/generated/common/runtime/DebugBindings.gen.cpp Line: 51)

ARController (native): [info]Marker 1 now visible
 
(Filename: C:/buildslave/unity/build/artifacts/generated/common/runtime/DebugBindings.gen.cpp Line: 51)

ARController (native): [info]Marker 1 no longer visible
 
(Filename: C:/buildslave/unity/build/artifacts/generated/common/runtime/DebugBindings.gen.cpp Line: 51)

ARController (native): [info]Marker 1 now visible
 
(Filename: C:/buildslave/unity/build/artifacts/generated/common/runtime/DebugBindings.gen.cpp Line: 51)

ARController (native): [info]Marker 1 no longer visible
 
(Filename: C:/buildslave/unity/build/artifacts/generated/common/runtime/DebugBindings.gen.cpp Line: 51)

ARController (native): [info]Marker 1 now visible
 
(Filename: C:/buildslave/unity/build/artifacts/generated/common/runtime/DebugBindings.gen.cpp Line: 51)

ARController (native): [info]Marker 1 no longer visible
 
(Filename: C:/buildslave/unity/build/artifacts/generated/common/runtime/DebugBindings.gen.cpp Line: 51)

ARController (native): [info]Marker 1 now visible
 
(Filename: C:/buildslave/unity/build/artifacts/generated/common/runtime/DebugBindings.gen.cpp Line: 51)

ARController (native): [info]Marker 1 no longer visible
 
(Filename: C:/buildslave/unity/build/artifacts/generated/common/runtime/DebugBindings.gen.cpp Line: 51)

ARController (native): [info]Marker 1 now visible
 
(Filename: C:/buildslave/unity/build/artifacts/generated/common/runtime/DebugBindings.gen.cpp Line: 51)

ARController (native): [info]Marker 1 no longer visible
 
(Filename: C:/buildslave/unity/build/artifacts/generated/common/runtime/DebugBindings.gen.cpp Line: 51)

ARController (native): [info]Marker 1 now visible
 
(Filename: C:/buildslave/unity/build/artifacts/generated/common/runtime/DebugBindings.gen.cpp Line: 51)

ARController (native): [info]Marker 1 no longer visible
 
(Filename: C:/buildslave/unity/build/artifacts/generated/common/runtime/DebugBindings.gen.cpp Line: 51)

ARController (native): [info]Marker 1 now visible
 
(Filename: C:/buildslave/unity/build/artifacts/generated/common/runtime/DebugBindings.gen.cpp Line: 51)

ARController (native): [info]Marker 1 no longer visible
 
(Filename: C:/buildslave/unity/build/artifacts/generated/common/runtime/DebugBindings.gen.cpp Line: 51)

ARController (native): [info]Marker 1 now visible
 
(Filename: C:/buildslave/unity/build/artifacts/generated/common/runtime/DebugBindings.gen.cpp Line: 51)

ARController (native): [info]Marker 1 no longer visible
 
(Filename: C:/buildslave/unity/build/artifacts/generated/common/runtime/DebugBindings.gen.cpp Line: 51)

ARController (native): [info]Marker 1 now visible
 
(Filename: C:/buildslave/unity/build/artifacts/generated/common/runtime/DebugBindings.gen.cpp Line: 51)

ARController (native): [info]Marker 1 no longer visible
 
(Filename: C:/buildslave/unity/build/artifacts/generated/common/runtime/DebugBindings.gen.cpp Line: 51)

ARController (native): [info]Marker 1 now visible
 
(Filename: C:/buildslave/unity/build/artifacts/generated/common/runtime/DebugBindings.gen.cpp Line: 51)

ARController (native): [info]Marker 1 no longer visible
 
(Filename: C:/buildslave/unity/build/artifacts/generated/common/runtime/DebugBindings.gen.cpp Line: 51)

ARController (native): [info]Marker 1 now visible
 
(Filename: C:/buildslave/unity/build/artifacts/generated/common/runtime/DebugBindings.gen.cpp Line: 51)

ARController (native): [info]Marker 1 no longer visible
 
(Filename: C:/buildslave/unity/build/artifacts/generated/common/runtime/DebugBindings.gen.cpp Line: 51)

ARController (native): [info]Marker 1 now visible
 
(Filename: C:/buildslave/unity/build/artifacts/generated/common/runtime/DebugBindings.gen.cpp Line: 51)

ARController (native): [info]Marker 1 no longer visible
 
(Filename: C:/buildslave/unity/build/artifacts/generated/common/runtime/DebugBindings.gen.cpp Line: 51)

ARController (native): [info]Marker 1 now visible
 
(Filename: C:/buildslave/unity/build/artifacts/generated/common/runtime/DebugBindings.gen.cpp Line: 51)

ARController (native): [info]Marker 1 no longer visible
 
(Filename: C:/buildslave/unity/build/artifacts/generated/common/runtime/DebugBindings.gen.cpp Line: 51)

ARController (native): [info]Marker 1 now visible
 
(Filename: C:/buildslave/unity/build/artifacts/generated/common/runtime/DebugBindings.gen.cpp Line: 51)

ARController (native): [info]Marker 1 no longer visible
 
(Filename: C:/buildslave/unity/build/artifacts/generated/common/runtime/DebugBindings.gen.cpp Line: 51)

ARController (native): [info]Marker 1 now visible
 
(Filename: C:/buildslave/unity/build/artifacts/generated/common/runtime/DebugBindings.gen.cpp Line: 51)

ARController (native): [info]Marker 1 no longer visible
 
(Filename: C:/buildslave/unity/build/artifacts/generated/common/runtime/DebugBindings.gen.cpp Line: 51)

ARController (native): [info]Marker 1 now visible
 
(Filename: C:/buildslave/unity/build/artifacts/generated/common/runtime/DebugBindings.gen.cpp Line: 51)

ARController (native): [info]Marker 1 no longer visible
 
(Filename: C:/buildslave/unity/build/artifacts/generated/common/runtime/DebugBindings.gen.cpp Line: 51)

ARController (native): [info]Marker 0 now visible
 
(Filename: C:/buildslave/unity/build/artifacts/generated/common/runtime/DebugBindings.gen.cpp Line: 51)

ARController (native): [info]Marker 0 no longer visible
 
(Filename: C:/buildslave/unity/build/artifacts/generated/common/runtime/DebugBindings.gen.cpp Line: 51)

ARController (native): [info]Marker 0 now visible
 
(Filename: C:/buildslave/unity/build/artifacts/generated/common/runtime/DebugBindings.gen.cpp Line: 51)

ARController (native): [info]Marker 0 no longer visible
 
(Filename: C:/buildslave/unity/build/artifacts/generated/common/runtime/DebugBindings.gen.cpp Line: 51)

ARController (native): [info]Marker 0 now visible
 
(Filename: C:/buildslave/unity/build/artifacts/generated/common/runtime/DebugBindings.gen.cpp Line: 51)

ARController (native): [info]Marker 0 no longer visible
 
(Filename: C:/buildslave/unity/build/artifacts/generated/common/runtime/DebugBindings.gen.cpp Line: 51)

ARController (native): [info]Marker 0 now visible
 
(Filename: C:/buildslave/unity/build/artifacts/generated/common/runtime/DebugBindings.gen.cpp Line: 51)

ARController (native): [info]Marker 0 no longer visible
 
(Filename: C:/buildslave/unity/build/artifacts/generated/common/runtime/DebugBindings.gen.cpp Line: 51)

ARController: Stopping AR.
 
(Filename: C:/buildslave/unity/build/artifacts/generated/common/runtime/DebugBindings.gen.cpp Line: 51)

ARController (native): [info]Closing ARToolKit video.
 
(Filename: C:/buildslave/unity/build/artifacts/generated/common/runtime/DebugBindings.gen.cpp Line: 51)

Unloading 5 Unused Serialized files (Serialized files now loaded: 0)

Unloading 3 unused Assets to reduce memory usage. Loaded Objects now: 453.
Total: 0.483244 ms (FindLiveObjects: 0.061581 ms CreateObjectMapping: 0.037205 ms MarkObjects: 0.371628 ms  DeleteObjects: 0.011118 ms)

ARController (native): [info]Removed marker (UID=0), now 1 markers loaded
 
(Filename: C:/buildslave/unity/build/artifacts/generated/common/runtime/DebugBindings.gen.cpp Line: 51)

ARController (native): [info]Last square marker removed; disabling square marker detection.
 
(Filename: C:/buildslave/unity/build/artifacts/generated/common/runtime/DebugBindings.gen.cpp Line: 51)

ARController (native): [info]Removed marker (UID=1), now 0 markers loaded
 
(Filename: C:/buildslave/unity/build/artifacts/generated/common/runtime/DebugBindings.gen.cpp Line: 51)

ARController: Shutting down ARToolKit
 
(Filename: C:/buildslave/unity/build/artifacts/generated/common/runtime/DebugBindings.gen.cpp Line: 51)

